14:31:58 **** Auto Build of configuration Debug for project b ****
make pre-build main-build 
a9-linaro-pre-build-step
' '
'Building file: ../src/common_uart.c'
'Invoking: ARM v7 gcc compiler'
arm-none-eabi-gcc -Wall -O0 -g3 -c -fmessage-length=0 -MT"src/common_uart.o" -mcpu=cortex-a9 -mfpu=vfpv3 -mfloat-abi=hard -I../../b_bsp/ps7_cortexa9_0/include -MMD -MP -MF"src/common_uart.d" -MT"src/common_uart.o" -o "src/common_uart.o" "../src/common_uart.c"
'Finished building: ../src/common_uart.c'
' '
'Building target: b.elf'
'Invoking: ARM v7 gcc linker'
arm-none-eabi-gcc -mcpu=cortex-a9 -mfpu=vfpv3 -mfloat-abi=hard -Wl,-build-id=none -specs=Xilinx.spec -Wl,-T -Wl,../src/lscript.ld -L../../b_bsp/ps7_cortexa9_0/lib -o "b.elf"  ./src/usb_demo/xusbps_ch9.o ./src/usb_demo/xusbps_ch9_storage.o ./src/usb_demo/xusbps_class_storage.o ./src/usb_demo/xusbps_intr_example.o  ./src/sd_xilffs_demo/sd_xilffs_demo.o  ./src/mem_demo/memory_config_g.o ./src/mem_demo/memorytest.o ./src/mem_demo/platform.o  ./src/lwip_demo/echo.o ./src/lwip_demo/i2c_access.o ./src/lwip_demo/iic_phyreset.o ./src/lwip_demo/lwip_demo.o ./src/lwip_demo/platform.o ./src/lwip_demo/platform_mb.o ./src/lwip_demo/platform_ppc.o ./src/lwip_demo/platform_zynq.o ./src/lwip_demo/platform_zynqmp.o ./src/lwip_demo/sfp.o ./src/lwip_demo/si5324.o  ./src/dac0832/dac0832.o  ./src/audio_demo/adau1761.o ./src/audio_demo/audio_demo.o ./src/audio_demo/iic.o  ./src/common_uart.o ./src/gpio_test.o ./src/main.o ./src/pl_uart_test.o ./src/platform.o ./src/xadcps_polled_printf_example.o ./src/xqspips_flash_polled_example.o   -Wl,--start-group,-lxil,-lgcc,-lc,--end-group
./src/sd_xilffs_demo/sd_xilffs_demo.o: In function `SD_Init':
E:\EES_351\ees_351_selftest\ees_351_selftest.sdk\b\Debug/../src/sd_xilffs_demo/sd_xilffs_demo.c:23: undefined reference to `f_mount'
./src/sd_xilffs_demo/sd_xilffs_demo.o: In function `SD_Transfer_read':
E:\EES_351\ees_351_selftest\ees_351_selftest.sdk\b\Debug/../src/sd_xilffs_demo/sd_xilffs_demo.c:38: undefined reference to `f_open'
E:\EES_351\ees_351_selftest\ees_351_selftest.sdk\b\Debug/../src/sd_xilffs_demo/sd_xilffs_demo.c:44: undefined reference to `f_lseek'
E:\EES_351\ees_351_selftest\ees_351_selftest.sdk\b\Debug/../src/sd_xilffs_demo/sd_xilffs_demo.c:50: undefined reference to `f_read'
E:\EES_351\ees_351_selftest\ees_351_selftest.sdk\b\Debug/../src/sd_xilffs_demo/sd_xilffs_demo.c:56: undefined reference to `f_close'
./src/sd_xilffs_demo/sd_xilffs_demo.o: In function `SD_Transfer_write':
E:\EES_351\ees_351_selftest\ees_351_selftest.sdk\b\Debug/../src/sd_xilffs_demo/sd_xilffs_demo.c:71: undefined reference to `f_open'
E:\EES_351\ees_351_selftest\ees_351_selftest.sdk\b\Debug/../src/sd_xilffs_demo/sd_xilffs_demo.c:77: undefined reference to `f_lseek'
E:\EES_351\ees_351_selftest\ees_351_selftest.sdk\b\Debug/../src/sd_xilffs_demo/sd_xilffs_demo.c:83: undefined reference to `f_write'
E:\EES_351\ees_351_selftest\ees_351_selftest.sdk\b\Debug/../src/sd_xilffs_demo/sd_xilffs_demo.c:89: undefined reference to `f_close'
./src/lwip_demo/echo.o: In function `recv_callback':
E:\EES_351\ees_351_selftest\ees_351_selftest.sdk\b\Debug/../src/lwip_demo/echo.c:57: undefined reference to `tcp_close'
E:\EES_351\ees_351_selftest\ees_351_selftest.sdk\b\Debug/../src/lwip_demo/echo.c:58: undefined reference to `tcp_recv'
E:\EES_351\ees_351_selftest\ees_351_selftest.sdk\b\Debug/../src/lwip_demo/echo.c:63: undefined reference to `tcp_recved'
E:\EES_351\ees_351_selftest\ees_351_selftest.sdk\b\Debug/../src/lwip_demo/echo.c:68: undefined reference to `tcp_write'
E:\EES_351\ees_351_selftest\ees_351_selftest.sdk\b\Debug/../src/lwip_demo/echo.c:73: undefined reference to `pbuf_free'
./src/lwip_demo/echo.o: In function `accept_callback':
E:\EES_351\ees_351_selftest\ees_351_selftest.sdk\b\Debug/../src/lwip_demo/echo.c:83: undefined reference to `tcp_recv'
E:\EES_351\ees_351_selftest\ees_351_selftest.sdk\b\Debug/../src/lwip_demo/echo.c:87: undefined reference to `tcp_arg'
./src/lwip_demo/echo.o: In function `start_application':
E:\EES_351\ees_351_selftest\ees_351_selftest.sdk\b\Debug/../src/lwip_demo/echo.c:103: undefined reference to `tcp_new'
E:\EES_351\ees_351_selftest\ees_351_selftest.sdk\b\Debug/../src/lwip_demo/echo.c:110: undefined reference to `ip_addr_any'
E:\EES_351\ees_351_selftest\ees_351_selftest.sdk\b\Debug/../src/lwip_demo/echo.c:110: undefined reference to `ip_addr_any'
E:\EES_351\ees_351_selftest\ees_351_selftest.sdk\b\Debug/../src/lwip_demo/echo.c:110: undefined reference to `tcp_bind'
E:\EES_351\ees_351_selftest\ees_351_selftest.sdk\b\Debug/../src/lwip_demo/echo.c:117: undefined reference to `tcp_arg'
E:\EES_351\ees_351_selftest\ees_351_selftest.sdk\b\Debug/../src/lwip_demo/echo.c:120: undefined reference to `tcp_listen_with_backlog'
E:\EES_351\ees_351_selftest\ees_351_selftest.sdk\b\Debug/../src/lwip_demo/echo.c:127: undefined reference to `tcp_accept'
./src/lwip_demo/lwip_demo.o: In function `lwip_demo':
E:\EES_351\ees_351_selftest\ees_351_selftest.sdk\b\Debug/../src/lwip_demo/lwip_demo.c:138: undefined reference to `lwip_init'
E:\EES_351\ees_351_selftest\ees_351_selftest.sdk\b\Debug/../src/lwip_demo/lwip_demo.c:141: undefined reference to `xemac_add'
E:\EES_351\ees_351_selftest\ees_351_selftest.sdk\b\Debug/../src/lwip_demo/lwip_demo.c:147: undefined reference to `netif_set_default'
E:\EES_351\ees_351_selftest\ees_351_selftest.sdk\b\Debug/../src/lwip_demo/lwip_demo.c:153: undefined reference to `netif_set_up'
E:\EES_351\ees_351_selftest\ees_351_selftest.sdk\b\Debug/../src/lwip_demo/lwip_demo.c:191: undefined reference to `tcp_fasttmr'
E:\EES_351\ees_351_selftest\ees_351_selftest.sdk\b\Debug/../src/lwip_demo/lwip_demo.c:195: undefined reference to `tcp_slowtmr'
E:\EES_351\ees_351_selftest\ees_351_selftest.sdk\b\Debug/../src/lwip_demo/lwip_demo.c:199: undefined reference to `xemacif_input'
./src/lwip_demo/platform_zynq.o: In function `timer_callback':
E:\EES_351\ees_351_selftest\ees_351_selftest.sdk\b\Debug/../src/lwip_demo/platform_zynq.c:133: undefined reference to `xemacpsif_resetrx_on_no_rxdata'
collect2.exe: error: ld returned 1 exit status
make: *** [b.elf] ´íÎó 1

14:31:59 Build Finished (took 1s.24ms)

